This is pdfTeX, Version 3.141592653-2.6-1.40.24 (MiKTeX 22.10) (preloaded format=pdflatex 2022.11.19)  10 FEB 2023 12:40
entering extended mode
 restricted \write18 enabled.
 file:line:error style messages enabled.
 %&-line parsing enabled.
**"c:/Users/matti/Desktop/code/c++/ncurses/prog_programmazione/relazione/Relazione progetto.tex"
(c:/Users/matti/Desktop/code/c++/ncurses/prog_programmazione/relazione/Relazione progetto.tex
LaTeX2e <2022-06-01> patch level 5
L3 programming layer <2022-09-28> (C:\Users\matti\AppData\Local\Programs\MiKTeX\tex/latex/base\article.cls
Document Class: article 2021/10/04 v1.4n Standard LaTeX document class
(C:\Users\matti\AppData\Local\Programs\MiKTeX\tex/latex/base\size12.clo
File: size12.clo 2021/10/04 v1.4n Standard LaTeX file (size option)
)
\c@part=\count185
\c@section=\count186
\c@subsection=\count187
\c@subsubsection=\count188
\c@paragraph=\count189
\c@subparagraph=\count190
\c@figure=\count191
\c@table=\count192
\abovecaptionskip=\skip47
\belowcaptionskip=\skip48
\bibindent=\dimen138
) (C:\Users\matti\AppData\Local\Programs\MiKTeX\tex/latex/graphics\graphicx.sty
Package: graphicx 2021/09/16 v1.2d Enhanced LaTeX Graphics (DPC,SPQR)
 (C:\Users\matti\AppData\Local\Programs\MiKTeX\tex/latex/graphics\keyval.sty
Package: keyval 2022/05/29 v1.15 key=value parser (DPC)
\KV@toks@=\toks16
) (C:\Users\matti\AppData\Local\Programs\MiKTeX\tex/latex/graphics\graphics.sty
Package: graphics 2022/03/10 v1.4e Standard LaTeX Graphics (DPC,SPQR)
 (C:\Users\matti\AppData\Local\Programs\MiKTeX\tex/latex/graphics\trig.sty
Package: trig 2021/08/11 v1.11 sin cos tan (DPC)
) (C:\Users\matti\AppData\Local\Programs\MiKTeX\tex/latex/graphics-cfg\graphics.cfg
File: graphics.cfg 2016/06/04 v1.11 sample graphics configuration
)
Package graphics Info: Driver file: pdftex.def on input line 107.
 (C:\Users\matti\AppData\Local\Programs\MiKTeX\tex/latex/graphics-def\pdftex.def
File: pdftex.def 2022/09/22 v1.2b Graphics/color driver for pdftex
\stockwidth=\dimen139
\stockheight=\dimen140
))
\Gin@req@height=\dimen141
\Gin@req@width=\dimen142
) (C:\Users\matti\AppData\Local\Programs\MiKTeX\tex/latex/hyperref\hyperref.sty
Package: hyperref 2022-09-22 v7.00t Hypertext links for LaTeX
 (C:\Users\matti\AppData\Local\Programs\MiKTeX\tex/generic/ltxcmds\ltxcmds.sty
Package: ltxcmds 2020-05-10 v1.25 LaTeX kernel commands for general use (HO)
) (C:\Users\matti\AppData\Local\Programs\MiKTeX\tex/generic/iftex\iftex.sty
Package: iftex 2022/02/03 v1.0f TeX engine tests
) (C:\Users\matti\AppData\Local\Programs\MiKTeX\tex/generic/pdftexcmds\pdftexcmds.sty
Package: pdftexcmds 2020-06-27 v0.33 Utility functions of pdfTeX for LuaTeX (HO)
 (C:\Users\matti\AppData\Local\Programs\MiKTeX\tex/generic/infwarerr\infwarerr.sty
Package: infwarerr 2019/12/03 v1.5 Providing info/warning/error messages (HO)
)
Package pdftexcmds Info: \pdf@primitive is available.
Package pdftexcmds Info: \pdf@ifprimitive is available.
Package pdftexcmds Info: \pdfdraftmode found.
) (C:\Users\matti\AppData\Local\Programs\MiKTeX\tex/latex/kvsetkeys\kvsetkeys.sty
Package: kvsetkeys 2022-10-05 v1.19 Key value parser (HO)
) (C:\Users\matti\AppData\Local\Programs\MiKTeX\tex/generic/kvdefinekeys\kvdefinekeys.sty
Package: kvdefinekeys 2019-12-19 v1.6 Define keys (HO)
) (C:\Users\matti\AppData\Local\Programs\MiKTeX\tex/generic/pdfescape\pdfescape.sty
Package: pdfescape 2019/12/09 v1.15 Implements pdfTeX's escape features (HO)
) (C:\Users\matti\AppData\Local\Programs\MiKTeX\tex/latex/hycolor\hycolor.sty
Package: hycolor 2020-01-27 v1.10 Color options for hyperref/bookmark (HO)
) (C:\Users\matti\AppData\Local\Programs\MiKTeX\tex/latex/letltxmacro\letltxmacro.sty
Package: letltxmacro 2019/12/03 v1.6 Let assignment for LaTeX macros (HO)
) (C:\Users\matti\AppData\Local\Programs\MiKTeX\tex/latex/auxhook\auxhook.sty
Package: auxhook 2019-12-17 v1.6 Hooks for auxiliary files (HO)
) (C:\Users\matti\AppData\Local\Programs\MiKTeX\tex/latex/hyperref\nameref.sty
Package: nameref 2022-05-17 v2.50 Cross-referencing by name of section
 (C:\Users\matti\AppData\Local\Programs\MiKTeX\tex/latex/refcount\refcount.sty
Package: refcount 2019/12/15 v3.6 Data extraction from label references (HO)
) (C:\Users\matti\AppData\Local\Programs\MiKTeX\tex/generic/gettitlestring\gettitlestring.sty
Package: gettitlestring 2019/12/15 v1.6 Cleanup title references (HO)
 (C:\Users\matti\AppData\Local\Programs\MiKTeX\tex/latex/kvoptions\kvoptions.sty
Package: kvoptions 2022-06-15 v3.15 Key value format for package options (HO)
))
\c@section@level=\count193
)
\@linkdim=\dimen143
\Hy@linkcounter=\count194
\Hy@pagecounter=\count195
 (C:\Users\matti\AppData\Local\Programs\MiKTeX\tex/latex/hyperref\pd1enc.def
File: pd1enc.def 2022-09-22 v7.00t Hyperref: PDFDocEncoding definition (HO)
Now handling font encoding PD1 ...
... no UTF-8 mapping file for font encoding PD1
) (C:\Users\matti\AppData\Local\Programs\MiKTeX\tex/generic/intcalc\intcalc.sty
Package: intcalc 2019/12/15 v1.3 Expandable calculations with integers (HO)
) (C:\Users\matti\AppData\Local\Programs\MiKTeX\tex/generic/etexcmds\etexcmds.sty
Package: etexcmds 2019/12/15 v1.7 Avoid name clashes with e-TeX commands (HO)
)
\Hy@SavedSpaceFactor=\count196
 (C:\Users\matti\AppData\Local\Programs\MiKTeX\tex/latex/hyperref\puenc.def
File: puenc.def 2022-09-22 v7.00t Hyperref: PDF Unicode definition (HO)
Now handling font encoding PU ...
... no UTF-8 mapping file for font encoding PU
)
Package hyperref Info: Hyper figures OFF on input line 4162.
Package hyperref Info: Link nesting OFF on input line 4167.
Package hyperref Info: Hyper index ON on input line 4170.
Package hyperref Info: Plain pages OFF on input line 4177.
Package hyperref Info: Backreferencing OFF on input line 4182.
Package hyperref Info: Implicit mode ON; LaTeX internals redefined.
Package hyperref Info: Bookmarks ON on input line 4410.
\c@Hy@tempcnt=\count197
 (C:\Users\matti\AppData\Local\Programs\MiKTeX\tex/latex/url\url.sty
\Urlmuskip=\muskip16
Package: url 2013/09/16  ver 3.4  Verb mode for urls, etc.
)
LaTeX Info: Redefining \url on input line 4748.
\XeTeXLinkMargin=\dimen144
 (C:\Users\matti\AppData\Local\Programs\MiKTeX\tex/generic/bitset\bitset.sty
Package: bitset 2019/12/09 v1.3 Handle bit-vector datatype (HO)
 (C:\Users\matti\AppData\Local\Programs\MiKTeX\tex/generic/bigintcalc\bigintcalc.sty
Package: bigintcalc 2019/12/15 v1.5 Expandable calculations on big integers (HO)
))
\Fld@menulength=\count198
\Field@Width=\dimen145
\Fld@charsize=\dimen146
Package hyperref Info: Hyper figures OFF on input line 6027.
Package hyperref Info: Link nesting OFF on input line 6032.
Package hyperref Info: Hyper index ON on input line 6035.
Package hyperref Info: backreferencing OFF on input line 6042.
Package hyperref Info: Link coloring OFF on input line 6047.
Package hyperref Info: Link coloring with OCG OFF on input line 6052.
Package hyperref Info: PDF/A mode OFF on input line 6057.
 (C:\Users\matti\AppData\Local\Programs\MiKTeX\tex/latex/base\atbegshi-ltx.sty
Package: atbegshi-ltx 2021/01/10 v1.0c Emulation of the original atbegshi
package with kernel methods
)
\Hy@abspage=\count199
\c@Item=\count266
\c@Hfootnote=\count267
)
Package hyperref Info: Driver (autodetected): hpdftex.
 (C:\Users\matti\AppData\Local\Programs\MiKTeX\tex/latex/hyperref\hpdftex.def
File: hpdftex.def 2022-09-22 v7.00t Hyperref driver for pdfTeX
 (C:\Users\matti\AppData\Local\Programs\MiKTeX\tex/latex/base\atveryend-ltx.sty
Package: atveryend-ltx 2020/08/19 v1.0a Emulation of the original atveryend package
with kernel methods
)
\Fld@listcount=\count268
\c@bookmark@seq@number=\count269
 (C:\Users\matti\AppData\Local\Programs\MiKTeX\tex/latex/rerunfilecheck\rerunfilecheck.sty
Package: rerunfilecheck 2022-07-10 v1.10 Rerun checks for auxiliary files (HO)
 (C:\Users\matti\AppData\Local\Programs\MiKTeX\tex/generic/uniquecounter\uniquecounter.sty
Package: uniquecounter 2019/12/15 v1.4 Provide unlimited unique counter (HO)
)
Package uniquecounter Info: New unique counter `rerunfilecheck' on input line 285.
)
\Hy@SectionHShift=\skip49
) (C:\Users\matti\AppData\Local\Programs\MiKTeX\tex/latex/base\inputenc.sty
Package: inputenc 2021/02/14 v1.3d Input encoding file
\inpenc@prehook=\toks17
\inpenc@posthook=\toks18
 (C:\Users\matti\AppData\Local\Programs\MiKTeX\tex/latex/base\latin1.def
File: latin1.def 2021/02/14 v1.3d Input encoding file
)) (C:\Users\matti\AppData\Local\Programs\MiKTeX\tex/latex/l3backend\l3backend-pdftex.def
File: l3backend-pdftex.def 2022-09-28 L3 backend support: PDF output (pdfTeX)
\l__color_backend_stack_int=\count270
\l__pdf_internal_box=\box51
) (Relazione progetto.aux)
\openout1 = `"Relazione progetto.aux"'.

LaTeX Font Info:    Checking defaults for OML/cmm/m/it on input line 13.
LaTeX Font Info:    ... okay on input line 13.
LaTeX Font Info:    Checking defaults for OMS/cmsy/m/n on input line 13.
LaTeX Font Info:    ... okay on input line 13.
LaTeX Font Info:    Checking defaults for OT1/cmr/m/n on input line 13.
LaTeX Font Info:    ... okay on input line 13.
LaTeX Font Info:    Checking defaults for T1/cmr/m/n on input line 13.
LaTeX Font Info:    ... okay on input line 13.
LaTeX Font Info:    Checking defaults for TS1/cmr/m/n on input line 13.
LaTeX Font Info:    ... okay on input line 13.
LaTeX Font Info:    Checking defaults for OMX/cmex/m/n on input line 13.
LaTeX Font Info:    ... okay on input line 13.
LaTeX Font Info:    Checking defaults for U/cmr/m/n on input line 13.
LaTeX Font Info:    ... okay on input line 13.
LaTeX Font Info:    Checking defaults for PD1/pdf/m/n on input line 13.
LaTeX Font Info:    ... okay on input line 13.
LaTeX Font Info:    Checking defaults for PU/pdf/m/n on input line 13.
LaTeX Font Info:    ... okay on input line 13.
 (C:\Users\matti\AppData\Local\Programs\MiKTeX\tex/context/base/mkii\supp-pdf.mkii
[Loading MPS to PDF converter (version 2006.09.02).]
\scratchcounter=\count271
\scratchdimen=\dimen147
\scratchbox=\box52
\nofMPsegments=\count272
\nofMParguments=\count273
\everyMPshowfont=\toks19
\MPscratchCnt=\count274
\MPscratchDim=\dimen148
\MPnumerator=\count275
\makeMPintoPDFobject=\count276
\everyMPtoPDFconversion=\toks20
) (C:\Users\matti\AppData\Local\Programs\MiKTeX\tex/latex/epstopdf-pkg\epstopdf-base.sty
Package: epstopdf-base 2020-01-24 v2.11 Base part for package epstopdf
 (C:\Users\matti\AppData\Local\Programs\MiKTeX\tex/latex/grfext\grfext.sty
Package: grfext 2019/12/03 v1.3 Manage graphics extensions (HO)
)
Package epstopdf-base Info: Redefining graphics rule for `.eps' on input line 485.
Package grfext Info: Graphics extension search list:
(grfext)             [.pdf,.png,.jpg,.mps,.jpeg,.jbig2,.jb2,.PDF,.PNG,.JPG,.JPEG,.JBIG2,.JB2,.eps]
(grfext)             \AppendGraphicsExtensions on input line 504.
 (C:\Users\matti\AppData\Local\Programs\MiKTeX\tex/latex/00miktex\epstopdf-sys.cfg
File: epstopdf-sys.cfg 2021/03/18 v2.0 Configuration of epstopdf for MiKTeX
))
Package hyperref Info: Link coloring OFF on input line 13.
\@outlinefile=\write3
\openout3 = `"Relazione progetto.out"'.

LaTeX Font Info:    External font `cmex10' loaded for size
(Font)              <14.4> on input line 15.
LaTeX Font Info:    External font `cmex10' loaded for size
(Font)              <7> on input line 15.
<logo.png, id=3, 225.84375pt x 225.84375pt>
File: logo.png Graphic file (type png)
<use logo.png>
Package pdftex.def Info: logo.png  used on input line 18.
(pdftex.def)             Requested size: 225.84319pt x 225.84319pt.
 [1

{C:/Users/matti/AppData/Local/MiKTeX/fonts/map/pdftex/pdftex.map} <./logo.png>] [2]
c:/Users/matti/Desktop/code/c++/ncurses/prog_programmazione/relazione/Relazione progetto.tex:61: Missing $ inserted.
<inserted text> 
                $
l.61 ...lasse Game si occupa di gestire tutto ci√≤
                                                   che riguarda il gioco.
I've inserted a begin-math/end-math symbol since I think
you left one out. Proceed, with fingers crossed.

LaTeX Font Info:    External font `cmex10' loaded for size
(Font)              <12> on input line 61.
LaTeX Font Info:    External font `cmex10' loaded for size
(Font)              <8> on input line 61.
LaTeX Font Info:    External font `cmex10' loaded for size
(Font)              <6> on input line 61.
c:/Users/matti/Desktop/code/c++/ncurses/prog_programmazione/relazione/Relazione progetto.tex:61: Extra }, or forgotten $.
\mathtwosuperior ->{^2}
                       
l.61 ...lasse Game si occupa di gestire tutto ci√≤
                                                   che riguarda il gioco.
I've deleted a group-closing symbol because it seems to be
spurious, as in `$x}$'. But perhaps the } is legitimate and
you forgot something else, as in `\hbox{$x}'. In such cases
the way to recover is to insert both the forgotten and the
deleted material, e.g., by typing `I$}'.

c:/Users/matti/Desktop/code/c++/ncurses/prog_programmazione/relazione/Relazione progetto.tex:64: Missing $ inserted.
<inserted text> 
                $
l.64 
     
I've inserted a begin-math/end-math symbol since I think
you left one out. Proceed, with fingers crossed.


Overfull \hbox (703.13895pt too wide) in paragraph at lines 61--64
\OT1/cmr/m/n/12 ge-stire tutto ci[]A$[]\OML/cmm/m/it/12 cheriguardailgioco:Gamecomprende\OT1/cmr/m/n/12 3\OML/cmm/m/it/12 finestre\OT1/cmr/m/n/12 (\OML/cmm/m/it/12 perlagraficadellestanze; dellestatistichedelpersonaggioeperilpunteggio\OT1/cmr/m/n/12 )\OML/cmm/m/it/12 ; ilpersonaggio\OT1/cmr/m/n/12 (\OML/cmm/m/it/12 Hero\OT1/cmr/m/n/12 )\OML/cmm/m/it/12 ; l[]indicedellestanzeeunpuntatoreallastanzacorrente:$ 
 []

c:/Users/matti/Desktop/code/c++/ncurses/prog_programmazione/relazione/Relazione progetto.tex:82: Missing $ inserted.
<inserted text> 
                $
l.82  una certa forma; per renderne pi√π
                                         pulita l'inizializzazione.
I've inserted a begin-math/end-math symbol since I think
you left one out. Proceed, with fingers crossed.

c:/Users/matti/Desktop/code/c++/ncurses/prog_programmazione/relazione/Relazione progetto.tex:82: Extra }, or forgotten $.
\mathonesuperior ->{^1}
                       
l.82  una certa forma; per renderne pi√π
                                         pulita l'inizializzazione.
I've deleted a group-closing symbol because it seems to be
spurious, as in `$x}$'. But perhaps the } is legitimate and
you forgot something else, as in `\hbox{$x}'. In such cases
the way to recover is to insert both the forgotten and the
deleted material, e.g., by typing `I$}'.

c:/Users/matti/Desktop/code/c++/ncurses/prog_programmazione/relazione/Relazione progetto.tex:83: Missing $ inserted.
<inserted text> 
                $
l.83 
     
I've inserted a begin-math/end-math symbol since I think
you left one out. Proceed, with fingers crossed.

c:/Users/matti/Desktop/code/c++/ncurses/prog_programmazione/relazione/Relazione progetto.tex:87: Missing $ inserted.
<inserted text> 
                $
l.87  classi possono avere quindi pi√π
                                       o meno vita, portata, danno e cos√¨ via.
I've inserted a begin-math/end-math symbol since I think
you left one out. Proceed, with fingers crossed.

c:/Users/matti/Desktop/code/c++/ncurses/prog_programmazione/relazione/Relazione progetto.tex:87: Extra }, or forgotten $.
\mathonesuperior ->{^1}
                       
l.87  classi possono avere quindi pi√π
                                       o meno vita, portata, danno e cos√¨ via.
I've deleted a group-closing symbol because it seems to be
spurious, as in `$x}$'. But perhaps the } is legitimate and
you forgot something else, as in `\hbox{$x}'. In such cases
the way to recover is to insert both the forgotten and the
deleted material, e.g., by typing `I$}'.


LaTeX Warning: Command \~ invalid in math mode on input line 87.

c:/Users/matti/Desktop/code/c++/ncurses/prog_programmazione/relazione/Relazione progetto.tex:87: Please use \mathaccent for accents in math mode.
\add@accent ... \let \ignorespaces \relax \accent 
                                                  #1 #2\egroup \ifmmode \els...
l.87 ...di pi√π o meno vita, portata, danno e cos√
                                                  ¨ via.
I'm changing \accent to \mathaccent here; wish me luck.
(Accents are not the same in formulas as they are in text.)


LaTeX Warning: Command \~ invalid in math mode on input line 88.

c:/Users/matti/Desktop/code/c++/ncurses/prog_programmazione/relazione/Relazione progetto.tex:88: Please use \mathaccent for accents in math mode.
\add@accent ... \let \ignorespaces \relax \accent 
                                                  #1 #2\egroup \ifmmode \els...
l.88 La funzione "useAbility" attiva abilit√
                                            † differenti a seconda della cla...
I'm changing \accent to \mathaccent here; wish me luck.
(Accents are not the same in formulas as they are in text.)


LaTeX Warning: Command \~ invalid in math mode on input line 89.

c:/Users/matti/Desktop/code/c++/ncurses/prog_programmazione/relazione/Relazione progetto.tex:89: Please use \mathaccent for accents in math mode.
\add@accent ... \let \ignorespaces \relax \accent 
                                                  #1 #2\egroup \ifmmode \els...
l.89 Le abilit√
               † possono modificare temporaneamente le caratteristiche dell'...
I'm changing \accent to \mathaccent here; wish me luck.
(Accents are not the same in formulas as they are in text.)

c:/Users/matti/Desktop/code/c++/ncurses/prog_programmazione/relazione/Relazione progetto.tex:94: Missing $ inserted.
<inserted text> 
                $
l.94 
     
I've inserted a begin-math/end-math symbol since I think
you left one out. Proceed, with fingers crossed.


Overfull \hbox (2665.25673pt too wide) in paragraph at lines 85--94
\OT1/cmr/m/n/12 di in-iziare a gio-care. Di-verse classi pos-sono avere quindi pi[]A$[]\OML/cmm/m/it/12 omenovita; portata; dannoecos[]\OMS/cmsy/m/n/12 :\OML/cmm/m/it/12 via:Lafunzione\OT1/cmr/m/n/12 "\OML/cmm/m/it/12 useAbility\OT1/cmr/m/n/12 "\OML/cmm/m/it/12 attivaabilit[] differentiasecondadellaclasseselezionata:Leabilit[] possonomodificaretemporaneamentelecaratteristichedell[]eroeoripristinarglilavita:Lafunziona\OT1/cmr/m/n/12 "\OML/cmm/m/it/12 attack\OT1/cmr/m/n/12 "\OML/cmm/m/it/12 creaunnuovoproiettilenelladirezionevoluta:\OT1/cmr/m/n/12 "\OML/cmm/m/it/12 CenterHero\OT1/cmr/m/n/12 "\OML/cmm/m/it/12 serveaposizionareilpersonaggioalcentrodellastanzaquandoiniziailgioco:Tuttelerestantifunzionimodificanolevariabilidelpersonaggio:Peresempio\OT1/cmr/m/n/12 "\OML/cmm/m/it/12 useKey\OT1/cmr/m/n/12 "\OML/cmm/m/it/12 consumalachiavedelpersonaggioeapreunaporta; \OT1/cmr/m/n/12 "\OML/cmm/m/it/12 increaseHealth\OT1/cmr/m/n/12 "\OML/cmm/m/it/12 aumentalavita:$ 
 []

[3]
c:/Users/matti/Desktop/code/c++/ncurses/prog_programmazione/relazione/Relazione progetto.tex:103: Missing $ inserted.
<inserted text> 
                $
l.103 ...ppare senza fermarsi in un angolo, e pu√≤
                                                   lasciare artefatti quando...
I've inserted a begin-math/end-math symbol since I think
you left one out. Proceed, with fingers crossed.

c:/Users/matti/Desktop/code/c++/ncurses/prog_programmazione/relazione/Relazione progetto.tex:103: Extra }, or forgotten $.
\mathtwosuperior ->{^2}
                       
l.103 ...ppare senza fermarsi in un angolo, e pu√≤
                                                   lasciare artefatti quando...
I've deleted a group-closing symbol because it seems to be
spurious, as in `$x}$'. But perhaps the } is legitimate and
you forgot something else, as in `\hbox{$x}'. In such cases
the way to recover is to insert both the forgotten and the
deleted material, e.g., by typing `I$}'.


LaTeX Warning: Command \~ invalid in math mode on input line 105.

c:/Users/matti/Desktop/code/c++/ncurses/prog_programmazione/relazione/Relazione progetto.tex:105: Please use \mathaccent for accents in math mode.
\add@accent ... \let \ignorespaces \relax \accent 
                                                  #1 #2\egroup \ifmmode \els...
l.105 Flyer che si comporta come Chaser ma pu√
                                              ≤ volare sopra i muri e le por...
I'm changing \accent to \mathaccent here; wish me luck.
(Accents are not the same in formulas as they are in text.)


LaTeX Warning: Command \~ invalid in math mode on input line 110.

c:/Users/matti/Desktop/code/c++/ncurses/prog_programmazione/relazione/Relazione progetto.tex:110: Please use \mathaccent for accents in math mode.
\add@accent ... \let \ignorespaces \relax \accent 
                                                  #1 #2\egroup \ifmmode \els...
l.110 Ogni nemico si attiva solo se √
                                     ® ad una certa distanza ed ha line of s...
I'm changing \accent to \mathaccent here; wish me luck.
(Accents are not the same in formulas as they are in text.)


LaTeX Warning: Command \" invalid in math mode on input line 110.

c:/Users/matti/Desktop/code/c++/ncurses/prog_programmazione/relazione/Relazione progetto.tex:110: Please use \mathaccent for accents in math mode.
\add@accent ... \let \ignorespaces \relax \accent 
                                                  #1 #2\egroup \ifmmode \els...
l.110 Ogni nemico si attiva solo se √®
                                       ad una certa distanza ed ha line of s...
I'm changing \accent to \mathaccent here; wish me luck.
(Accents are not the same in formulas as they are in text.)

c:/Users/matti/Desktop/code/c++/ncurses/prog_programmazione/relazione/Relazione progetto.tex:110: Missing { inserted.
<to be read again> 
                   \egroup 
l.110 Ogni nemico si attiva solo se √®
                                       ad una certa distanza ed ha line of s...
A left brace was mandatory here, so I've put one in.
You might want to delete and/or insert some corrections
so that I will find a matching right brace soon.
(If you're confused by all this, try typing `I}' now.)


LaTeX Warning: Command \~ invalid in math mode on input line 112.

c:/Users/matti/Desktop/code/c++/ncurses/prog_programmazione/relazione/Relazione progetto.tex:112: Please use \mathaccent for accents in math mode.
\add@accent ... \let \ignorespaces \relax \accent 
                                                  #1 #2\egroup \ifmmode \els...
l.112 ...a bisogno di un tempo di reload, in cui √
                                                  ® vulnerabile, mentre Boom...
I'm changing \accent to \mathaccent here; wish me luck.
(Accents are not the same in formulas as they are in text.)


LaTeX Warning: Command \" invalid in math mode on input line 112.

c:/Users/matti/Desktop/code/c++/ncurses/prog_programmazione/relazione/Relazione progetto.tex:112: Please use \mathaccent for accents in math mode.
\add@accent ... \let \ignorespaces \relax \accent 
                                                  #1 #2\egroup \ifmmode \els...
l.112 ... bisogno di un tempo di reload, in cui √®
                                                   vulnerabile, mentre Boom ...
I'm changing \accent to \mathaccent here; wish me luck.
(Accents are not the same in formulas as they are in text.)

c:/Users/matti/Desktop/code/c++/ncurses/prog_programmazione/relazione/Relazione progetto.tex:112: Missing { inserted.
<to be read again> 
                   \egroup 
l.112 ... bisogno di un tempo di reload, in cui √®
                                                   vulnerabile, mentre Boom ...
A left brace was mandatory here, so I've put one in.
You might want to delete and/or insert some corrections
so that I will find a matching right brace soon.
(If you're confused by all this, try typing `I}' now.)


LaTeX Warning: Command \~ invalid in math mode on input line 113.

c:/Users/matti/Desktop/code/c++/ncurses/prog_programmazione/relazione/Relazione progetto.tex:113: Please use \mathaccent for accents in math mode.
\add@accent ... \let \ignorespaces \relax \accent 
                                                  #1 #2\egroup \ifmmode \els...
l.113 ...ranged, e dmg) dipendono dalla difficolt√
                                                  †, che scala direttamente
I'm changing \accent to \mathaccent here; wish me luck.
(Accents are not the same in formulas as they are in text.)


LaTeX Warning: Command \~ invalid in math mode on input line 116.

c:/Users/matti/Desktop/code/c++/ncurses/prog_programmazione/relazione/Relazione progetto.tex:116: Please use \mathaccent for accents in math mode.
\add@accent ... \let \ignorespaces \relax \accent 
                                                  #1 #2\egroup \ifmmode \els...
l.116 Ogni nemico pu√
                     ≤ essere promosso a Boss, con statistiche maggiorate e ...
I'm changing \accent to \mathaccent here; wish me luck.
(Accents are not the same in formulas as they are in text.)

c:/Users/matti/Desktop/code/c++/ncurses/prog_programmazione/relazione/Relazione progetto.tex:119: Missing $ inserted.
<inserted text> 
                $
l.119 
      
I've inserted a begin-math/end-math symbol since I think
you left one out. Proceed, with fingers crossed.

c:/Users/matti/Desktop/code/c++/ncurses/prog_programmazione/relazione/Relazione progetto.tex:119: Missing } inserted.
<inserted text> 
                }
l.119 
      
I've inserted something that you may have forgotten.
(See the <inserted text> above.)
With luck, this will get me unwedged. But if you
really didn't forget anything, try typing `2' now; then
my insertion and my current dilemma will both disappear.

c:/Users/matti/Desktop/code/c++/ncurses/prog_programmazione/relazione/Relazione progetto.tex:119: Missing } inserted.
<inserted text> 
                }
l.119 
      
I've inserted something that you may have forgotten.
(See the <inserted text> above.)
With luck, this will get me unwedged. But if you
really didn't forget anything, try typing `2' now; then
my insertion and my current dilemma will both disappear.


Overfull \hbox (3969.03578pt too wide) in paragraph at lines 97--119
\OML/cmm/m/it/12 Ogninemicosiattivasolose[][]$ 
 []

c:/Users/matti/Desktop/code/c++/ncurses/prog_programmazione/relazione/Relazione progetto.tex:128: Missing $ inserted.
<inserted text> 
                $
l.128 Possono rendere il gioco pi√π
                                    facile con l'aumentare dello score, ma √...
I've inserted a begin-math/end-math symbol since I think
you left one out. Proceed, with fingers crossed.

c:/Users/matti/Desktop/code/c++/ncurses/prog_programmazione/relazione/Relazione progetto.tex:128: Extra }, or forgotten $.
\mathonesuperior ->{^1}
                       
l.128 Possono rendere il gioco pi√π
                                    facile con l'aumentare dello score, ma √...
I've deleted a group-closing symbol because it seems to be
spurious, as in `$x}$'. But perhaps the } is legitimate and
you forgot something else, as in `\hbox{$x}'. In such cases
the way to recover is to insert both the forgotten and the
deleted material, e.g., by typing `I$}'.


LaTeX Warning: Command \~ invalid in math mode on input line 128.

c:/Users/matti/Desktop/code/c++/ncurses/prog_programmazione/relazione/Relazione progetto.tex:128: Please use \mathaccent for accents in math mode.
\add@accent ... \let \ignorespaces \relax \accent 
                                                  #1 #2\egroup \ifmmode \els...
l.128 ... facile con l'aumentare dello score, ma √
                                                  ® bilanciato dall'aumento ...
I'm changing \accent to \mathaccent here; wish me luck.
(Accents are not the same in formulas as they are in text.)


LaTeX Warning: Command \" invalid in math mode on input line 128.

c:/Users/matti/Desktop/code/c++/ncurses/prog_programmazione/relazione/Relazione progetto.tex:128: Please use \mathaccent for accents in math mode.
\add@accent ... \let \ignorespaces \relax \accent 
                                                  #1 #2\egroup \ifmmode \els...
l.128 ...facile con l'aumentare dello score, ma √®
                                                   bilanciato dall'aumento p...
I'm changing \accent to \mathaccent here; wish me luck.
(Accents are not the same in formulas as they are in text.)

c:/Users/matti/Desktop/code/c++/ncurses/prog_programmazione/relazione/Relazione progetto.tex:128: Missing { inserted.
<to be read again> 
                   \egroup 
l.128 ...facile con l'aumentare dello score, ma √®
                                                   bilanciato dall'aumento p...
A left brace was mandatory here, so I've put one in.
You might want to delete and/or insert some corrections
so that I will find a matching right brace soon.
(If you're confused by all this, try typing `I}' now.)


LaTeX Warning: Command \~ invalid in math mode on input line 128.

c:/Users/matti/Desktop/code/c++/ncurses/prog_programmazione/relazione/Relazione progetto.tex:128: Please use \mathaccent for accents in math mode.
\add@accent ... \let \ignorespaces \relax \accent 
                                                  #1 #2\egroup \ifmmode \els...
l.128 ...dall'aumento progressivo della difficolt√
                                                  †.
I'm changing \accent to \mathaccent here; wish me luck.
(Accents are not the same in formulas as they are in text.)

c:/Users/matti/Desktop/code/c++/ncurses/prog_programmazione/relazione/Relazione progetto.tex:129: Missing $ inserted.
<inserted text> 
                $
l.129 
      
I've inserted a begin-math/end-math symbol since I think
you left one out. Proceed, with fingers crossed.

c:/Users/matti/Desktop/code/c++/ncurses/prog_programmazione/relazione/Relazione progetto.tex:129: Missing } inserted.
<inserted text> 
                }
l.129 
      
I've inserted something that you may have forgotten.
(See the <inserted text> above.)
With luck, this will get me unwedged. But if you
really didn't forget anything, try typing `2' now; then
my insertion and my current dilemma will both disappear.


Overfull \hbox (97.28815pt too wide) in paragraph at lines 123--129
\OT1/cmr/m/n/12 pi[]A$[]\OML/cmm/m/it/12 facileconl[]aumentaredelloscore; ma[][]$ 
 []

[4] [5] (Relazione progetto.aux)

Package rerunfilecheck Warning: File `"Relazione progetto".out' has changed.
(rerunfilecheck)                Rerun to get outlines right
(rerunfilecheck)                or use package `bookmark'.

Package rerunfilecheck Info: Checksums for `"Relazione progetto".out':
(rerunfilecheck)             Before: <no file>
(rerunfilecheck)             After:  1BED0152ED3FC1C48BE8D80F8B2112D8;1191.
 )
(\end occurred inside a group at level 5)

### simple group (level 5) entered at line 128 ({)
### simple group (level 4) entered at line 103 ({)
### simple group (level 3) entered at line 87 ({)
### simple group (level 2) entered at line 82 ({)
### simple group (level 1) entered at line 61 ({)
### bottom level 
Here is how much of TeX's memory you used:
 8223 strings out of 475385
 133457 string characters out of 2776906
 476439 words of memory out of 3000000
 29504 multiletter control sequences out of 15000+600000
 474764 words of font info for 46 fonts, out of 8000000 for 9000
 1141 hyphenation exceptions out of 8191
 72i,6n,77p,345b,632s stack positions out of 10000i,1000n,20000p,200000b,80000s
 <C:\Users\matti\AppData\Local\MiKTeX\fonts/pk/ljfour/jknappen/ec/dpi600\tcrm1200.pk><C:/Users/matti/AppData/Local/Programs/MiKTeX/fonts/type1/public/amsfonts/cm/cmbx12.pfb><C:/Users/matti/AppData/Local/Programs/MiKTeX/fonts/type1/public/amsfonts/cm/cmmi12.pfb><C:/Users/matti/AppData/Local/Programs/MiKTeX/fonts/type1/public/amsfonts/cm/cmr12.pfb><C:/Users/matti/AppData/Local/Programs/MiKTeX/fonts/type1/public/amsfonts/cm/cmr8.pfb><C:/Users/matti/AppData/Local/Programs/MiKTeX/fonts/type1/public/amsfonts/cm/cmsy10.pfb><C:/Users/matti/AppData/Local/Programs/MiKTeX/fonts/type1/public/amsfonts/cm/cmsy8.pfb>
Output written on "Relazione progetto.pdf" (5 pages, 109260 bytes).
PDF statistics:
 81 PDF objects out of 1000 (max. 8388607)
 19 named destinations out of 1000 (max. 500000)
 6 words of extra memory for PDF output out of 10000 (max. 10000000)

